Using pre-set license
Built from '2021.1/release' branch; Version is '2021.1.1f1 (6fdc41dfa55a) revision 7330881'; Using compiler version '192528614'; Build Type 'Release'
OS: 'Windows 10 Home; OS build 19041.928; Version 2004; 64bit' Language: 'ko' Physical Memory: 24515 MB
BatchMode: 1, IsHumanControllingUs: 0, StartBugReporterOnCrash: 0, Is64bit: 1, IsPro: 0

 COMMAND LINE ARGUMENTS:
C:\Program Files\Unity\Hub\Editor\2021.1.1f1\Editor\Unity.exe
-adb2
-batchMode
-noUpm
-name
AssetImportWorker0
-projectPath
D:/Git/MAZEGAME/21_1_MAZEGAME
-logFile
Logs/AssetImportWorker0.log
-srvPort
3628
Successfully changed project path to: D:/Git/MAZEGAME/21_1_MAZEGAME
D:/Git/MAZEGAME/21_1_MAZEGAME
Using Asset Import Pipeline V2.
Refreshing native plugins compatible for Editor in 22.26 ms, found 0 plugins.
Preloading 0 native plugins for Editor in 0.00 ms.
Initialize engine version: 2021.1.1f1 (6fdc41dfa55a)
[Subsystems] Discovering subsystems at path C:/Program Files/Unity/Hub/Editor/2021.1.1f1/Editor/Data/Resources/UnitySubsystems
[Subsystems] Discovering subsystems at path D:/Git/MAZEGAME/21_1_MAZEGAME/Assets
GfxDevice: creating device client; threaded=0; jobified=0
Direct3D:
    Version:  Direct3D 11.0 [level 11.1]
    Renderer: NVIDIA GeForce GTX 1660 Ti (ID=0x2182)
    Vendor:   NVIDIA
    VRAM:     5991 MB
    Driver:   27.21.14.6172
Initialize mono
Mono path[0] = 'C:/Program Files/Unity/Hub/Editor/2021.1.1f1/Editor/Data/Managed'
Mono path[1] = 'C:/Program Files/Unity/Hub/Editor/2021.1.1f1/Editor/Data/MonoBleedingEdge/lib/mono/unityjit'
Mono config path = 'C:/Program Files/Unity/Hub/Editor/2021.1.1f1/Editor/Data/MonoBleedingEdge/etc'
Using monoOptions --debugger-agent=transport=dt_socket,embedding=1,server=y,suspend=n,address=127.0.0.1:56144
Begin MonoManager ReloadAssembly
Registering precompiled unity dll's ...
Register platform support module: C:/Program Files/Unity/Hub/Editor/2021.1.1f1/Editor/Data/PlaybackEngines/WindowsStandaloneSupport/UnityEditor.WindowsStandalone.Extensions.dll
Registered in 0.004510 seconds.
Native extension for WindowsStandalone target not found
Refreshing native plugins compatible for Editor in 22.34 ms, found 0 plugins.
Preloading 0 native plugins for Editor in 0.00 ms.
Mono: successfully reloaded assembly
- Completed reload, in  3.885 seconds
Platform modules already initialized, skipping
Registering precompiled user dll's ...
Registered in 0.000749 seconds.
Begin MonoManager ReloadAssembly
Native extension for WindowsStandalone target not found
Refreshing native plugins compatible for Editor in 0.21 ms, found 0 plugins.
Preloading 0 native plugins for Editor in 0.00 ms.
Mono: successfully reloaded assembly
- Completed reload, in  2.285 seconds
Platform modules already initialized, skipping
========================================================================
Worker process is ready to serve import requests
Launched and connected shader compiler UnityShaderCompiler.exe after 0.50 seconds
Refreshing native plugins compatible for Editor in 0.26 ms, found 0 plugins.
Preloading 0 native plugins for Editor in 0.00 ms.
Unloading 1157 Unused Serialized files (Serialized files now loaded: 0)
System memory in use before: 91.2 MB.
System memory in use after: 91.3 MB.

Unloading 8 unused Assets to reduce memory usage. Loaded Objects now: 1665.
Total: 17.726000 ms (FindLiveObjects: 0.164600 ms CreateObjectMapping: 0.048700 ms MarkObjects: 17.490400 ms  DeleteObjects: 0.021100 ms)

========================================================================
Received Import Request.
  path: Assets/Prefabs/wall 1.prefab
  artifactKey: Guid(bde5781917012654d9d0a280b6a66799) Importer(815301076,1909f56bfc062723c751e8b465ee728b)
Start importing Assets/Prefabs/wall 1.prefab using Guid(bde5781917012654d9d0a280b6a66799) Importer(815301076,1909f56bfc062723c751e8b465ee728b)  -> (artifact id: '68ddfa49830f917f9709c554b80d54dd') in 0.224323 seconds 
========================================================================
Received Prepare
Registering precompiled user dll's ...
Registered in 0.000733 seconds.
Begin MonoManager ReloadAssembly
Native extension for WindowsStandalone target not found
Refreshing native plugins compatible for Editor in 0.21 ms, found 0 plugins.
Preloading 0 native plugins for Editor in 0.00 ms.
Mono: successfully reloaded assembly
- Completed reload, in  0.887 seconds
Platform modules already initialized, skipping
Refreshing native plugins compatible for Editor in 0.20 ms, found 0 plugins.
Preloading 0 native plugins for Editor in 0.00 ms.
Unloading 1139 Unused Serialized files (Serialized files now loaded: 0)
System memory in use before: 93.6 MB.
System memory in use after: 93.7 MB.

Unloading 4 unused Assets to reduce memory usage. Loaded Objects now: 1675.
Total: 1.449400 ms (FindLiveObjects: 0.123700 ms CreateObjectMapping: 0.045700 ms MarkObjects: 1.266600 ms  DeleteObjects: 0.012300 ms)

========================================================================
Received Prepare
Registering precompiled user dll's ...
Registered in 0.000728 seconds.
Begin MonoManager ReloadAssembly
Native extension for WindowsStandalone target not found
Refreshing native plugins compatible for Editor in 0.44 ms, found 0 plugins.
Preloading 0 native plugins for Editor in 0.00 ms.
Mono: successfully reloaded assembly
- Completed reload, in  0.896 seconds
Platform modules already initialized, skipping
Refreshing native plugins compatible for Editor in 0.22 ms, found 0 plugins.
Preloading 0 native plugins for Editor in 0.00 ms.
Unloading 1139 Unused Serialized files (Serialized files now loaded: 0)
System memory in use before: 93.6 MB.
System memory in use after: 93.7 MB.

Unloading 4 unused Assets to reduce memory usage. Loaded Objects now: 1678.
Total: 2.472900 ms (FindLiveObjects: 0.167100 ms CreateObjectMapping: 0.052700 ms MarkObjects: 2.225700 ms  DeleteObjects: 0.025000 ms)

========================================================================
Received Import Request.
  Time since last request: 1212.627049 seconds.
  path: Assets/Textures/tutorial.png
  artifactKey: Guid(2ce5be2e6bea8d94eb5069c6b9e89722) Importer(815301076,1909f56bfc062723c751e8b465ee728b)
Start importing Assets/Textures/tutorial.png using Guid(2ce5be2e6bea8d94eb5069c6b9e89722) Importer(815301076,1909f56bfc062723c751e8b465ee728b)  -> (artifact id: '16faf62a9924bd9e69b4137c3d8e3939') in 0.199293 seconds 
========================================================================
Received Import Request.
  Time since last request: 0.049953 seconds.
  path: Assets/Textures/Title.png
  artifactKey: Guid(b6927ca6d5ecabe4a9ebd4a351c8c262) Importer(815301076,1909f56bfc062723c751e8b465ee728b)
Start importing Assets/Textures/Title.png using Guid(b6927ca6d5ecabe4a9ebd4a351c8c262) Importer(815301076,1909f56bfc062723c751e8b465ee728b)  -> (artifact id: 'ea3866388554f9b631c79a5cac0fb19f') in 0.019547 seconds 
========================================================================
Received Import Request.
  Time since last request: 0.382831 seconds.
  path: Assets/Prefabs/Scifi Crate/Models/Materials/Textures/ScifiCrate_Normal.jpg
  artifactKey: Guid(e0f8516ad81ac004cac3a012cc4b68bd) Importer(815301076,1909f56bfc062723c751e8b465ee728b)
Start importing Assets/Prefabs/Scifi Crate/Models/Materials/Textures/ScifiCrate_Normal.jpg using Guid(e0f8516ad81ac004cac3a012cc4b68bd) Importer(815301076,1909f56bfc062723c751e8b465ee728b)  -> (artifact id: 'df415966bfe136c782a40fb0f33e9516') in 0.020672 seconds 
========================================================================
Received Import Request.
  Time since last request: 0.006820 seconds.
  path: Assets/Prefabs/Scifi Crate/Models/Materials/Textures/Alternate 2/ScifiCrate_Metalness__Glossiness2.png
  artifactKey: Guid(ede7b620e4372424aac77bbe35a1ea98) Importer(815301076,1909f56bfc062723c751e8b465ee728b)
Start importing Assets/Prefabs/Scifi Crate/Models/Materials/Textures/Alternate 2/ScifiCrate_Metalness__Glossiness2.png using Guid(ede7b620e4372424aac77bbe35a1ea98) Importer(815301076,1909f56bfc062723c751e8b465ee728b)  -> (artifact id: 'd0b8161885002ad5902f510b085afc9a') in 0.011282 seconds 
========================================================================
Received Import Request.
  Time since last request: 0.000315 seconds.
  path: Assets/Prefabs/Scifi Crate/Models/Materials/Textures/Alternate 1/ScifiCrate_Metalness_Glossiness_1.png
  artifactKey: Guid(02c387f6d9fa85645bd348e461d44850) Importer(815301076,1909f56bfc062723c751e8b465ee728b)
Start importing Assets/Prefabs/Scifi Crate/Models/Materials/Textures/Alternate 1/ScifiCrate_Metalness_Glossiness_1.png using Guid(02c387f6d9fa85645bd348e461d44850) Importer(815301076,1909f56bfc062723c751e8b465ee728b)  -> (artifact id: '87fafde7f59afe51956d90e5f32a0b52') in 0.013096 seconds 
========================================================================
Received Import Request.
  Time since last request: 0.000576 seconds.
  path: Assets/Prefabs/Scifi Crate/Models/Materials/Textures/ScifiCrate_AO.jpg
  artifactKey: Guid(53ba10a86594097448d6cb36effdb050) Importer(815301076,1909f56bfc062723c751e8b465ee728b)
Start importing Assets/Prefabs/Scifi Crate/Models/Materials/Textures/ScifiCrate_AO.jpg using Guid(53ba10a86594097448d6cb36effdb050) Importer(815301076,1909f56bfc062723c751e8b465ee728b)  -> (artifact id: '7878a82ebb2eee9cf968097cf5764c41') in 0.013340 seconds 
========================================================================
Received Import Request.
  Time since last request: 0.000548 seconds.
  path: Assets/Prefabs/Scifi Crate/Models/Materials/Textures/Alternate 1/ScifiCrate_Albedo_1.jpg
  artifactKey: Guid(82e47b29984e2d6478703f1400e837f0) Importer(815301076,1909f56bfc062723c751e8b465ee728b)
Start importing Assets/Prefabs/Scifi Crate/Models/Materials/Textures/Alternate 1/ScifiCrate_Albedo_1.jpg using Guid(82e47b29984e2d6478703f1400e837f0) Importer(815301076,1909f56bfc062723c751e8b465ee728b)  -> (artifact id: '4852c933648b6977e617a2319bb8ea8f') in 0.013476 seconds 
========================================================================
Received Import Request.
  Time since last request: 0.000335 seconds.
  path: Assets/Prefabs/Scifi Crate/Models/Materials/Textures/Alternate 2/ScifiCrate_Albedo_2.jpg
  artifactKey: Guid(2b1b2615a8b708846a9cd473b0f2824a) Importer(815301076,1909f56bfc062723c751e8b465ee728b)
Start importing Assets/Prefabs/Scifi Crate/Models/Materials/Textures/Alternate 2/ScifiCrate_Albedo_2.jpg using Guid(2b1b2615a8b708846a9cd473b0f2824a) Importer(815301076,1909f56bfc062723c751e8b465ee728b)  -> (artifact id: 'a6740394290dba52883cc2cd7bd13e23') in 0.012526 seconds 
========================================================================
Received Import Request.
  Time since last request: 0.575468 seconds.
  path: Assets/Prefabs/Radar/3D Models/Materials/radarDish_Texture01_Normal.png
  artifactKey: Guid(4dea364ddc85d724c8d23c0261d70138) Importer(815301076,1909f56bfc062723c751e8b465ee728b)
Start importing Assets/Prefabs/Radar/3D Models/Materials/radarDish_Texture01_Normal.png using Guid(4dea364ddc85d724c8d23c0261d70138) Importer(815301076,1909f56bfc062723c751e8b465ee728b)  -> (artifact id: '944703ac74ccc5ef9912ba5ebb45c784') in 0.011097 seconds 
========================================================================
Received Import Request.
  Time since last request: 0.000254 seconds.
  path: Assets/Prefabs/Scifi Crate/Models/Materials/Textures/Reflection.jpg
  artifactKey: Guid(84a2bf72f34910b49bc9ad3b9e195e89) Importer(815301076,1909f56bfc062723c751e8b465ee728b)
Start importing Assets/Prefabs/Scifi Crate/Models/Materials/Textures/Reflection.jpg using Guid(84a2bf72f34910b49bc9ad3b9e195e89) Importer(815301076,1909f56bfc062723c751e8b465ee728b)  -> (artifact id: '4b0187902510a9961204f0cc85c383cd') in 0.033679 seconds 
========================================================================
Received Import Request.
  Time since last request: 0.000330 seconds.
  path: Assets/Prefabs/Radar/3D Models/Materials/radarDish_Texture01_Metalic.png
  artifactKey: Guid(2a3b49cca44dbba48b6ab8712d2dab7c) Importer(815301076,1909f56bfc062723c751e8b465ee728b)
Start importing Assets/Prefabs/Radar/3D Models/Materials/radarDish_Texture01_Metalic.png using Guid(2a3b49cca44dbba48b6ab8712d2dab7c) Importer(815301076,1909f56bfc062723c751e8b465ee728b)  -> (artifact id: '92eff4d612c9b47984b39193739679c6') in 0.013894 seconds 
========================================================================
Received Import Request.
  Time since last request: 0.000825 seconds.
  path: Assets/Prefabs/Radar/3D Models/Materials/radarDish_Texture01_Emissive.png
  artifactKey: Guid(fa8c09ec94c725c40905b9fbf74f0ec5) Importer(815301076,1909f56bfc062723c751e8b465ee728b)
Start importing Assets/Prefabs/Radar/3D Models/Materials/radarDish_Texture01_Emissive.png using Guid(fa8c09ec94c725c40905b9fbf74f0ec5) Importer(815301076,1909f56bfc062723c751e8b465ee728b)  -> (artifact id: '3686e2292fa46ceb29d4a87df91816ca') in 0.010004 seconds 
========================================================================
Received Prepare
Registering precompiled user dll's ...
Registered in 0.000737 seconds.
Begin MonoManager ReloadAssembly
Native extension for WindowsStandalone target not found
Refreshing native plugins compatible for Editor in 0.23 ms, found 0 plugins.
Preloading 0 native plugins for Editor in 0.00 ms.
Mono: successfully reloaded assembly
- Completed reload, in  1.190 seconds
Platform modules already initialized, skipping
Refreshing native plugins compatible for Editor in 0.21 ms, found 0 plugins.
Preloading 0 native plugins for Editor in 0.00 ms.
Unloading 1151 Unused Serialized files (Serialized files now loaded: 0)
System memory in use before: 114.3 MB.
System memory in use after: 114.4 MB.

Unloading 4 unused Assets to reduce memory usage. Loaded Objects now: 1891.
Total: 3.243100 ms (FindLiveObjects: 0.294000 ms CreateObjectMapping: 0.263100 ms MarkObjects: 2.656000 ms  DeleteObjects: 0.028100 ms)

========================================================================
Received Import Request.
  Time since last request: 530.903729 seconds.
  path: Assets/Textures/border.png
  artifactKey: Guid(79da04a4e84844243afc02f49b650c56) Importer(815301076,1909f56bfc062723c751e8b465ee728b)
Start importing Assets/Textures/border.png using Guid(79da04a4e84844243afc02f49b650c56) Importer(815301076,1909f56bfc062723c751e8b465ee728b)  -> (artifact id: 'fccb50cf7fcb84736789de53946f19e1') in 0.042368 seconds 
========================================================================
Received Prepare
Registering precompiled user dll's ...
Registered in 0.000756 seconds.
Begin MonoManager ReloadAssembly
Native extension for WindowsStandalone target not found
Refreshing native plugins compatible for Editor in 0.21 ms, found 0 plugins.
Preloading 0 native plugins for Editor in 0.00 ms.
Mono: successfully reloaded assembly
- Completed reload, in  0.789 seconds
Platform modules already initialized, skipping
Refreshing native plugins compatible for Editor in 0.22 ms, found 0 plugins.
Preloading 0 native plugins for Editor in 0.00 ms.
Unloading 1140 Unused Serialized files (Serialized files now loaded: 0)
System memory in use before: 114.6 MB.
System memory in use after: 114.7 MB.

Unloading 4 unused Assets to reduce memory usage. Loaded Objects now: 1909.
Total: 1.576600 ms (FindLiveObjects: 0.137600 ms CreateObjectMapping: 0.037900 ms MarkObjects: 1.388300 ms  DeleteObjects: 0.012000 ms)

========================================================================
Received Import Request.
  Time since last request: 800.848169 seconds.
  path: Assets/Scripts/FootHolder.cs
  artifactKey: Guid(61e43cb26b05ae04795b721e2f657e18) Importer(815301076,1909f56bfc062723c751e8b465ee728b)
Start importing Assets/Scripts/FootHolder.cs using Guid(61e43cb26b05ae04795b721e2f657e18) Importer(815301076,1909f56bfc062723c751e8b465ee728b)  -> (artifact id: '147b6e168d64154903deb6c3d6222d90') in 0.012896 seconds 
========================================================================
Received Import Request.
  Time since last request: 0.244477 seconds.
  path: Assets/Scripts/elevator.cs
  artifactKey: Guid(da6d96e1aa5884e45bb4819827182617) Importer(815301076,1909f56bfc062723c751e8b465ee728b)
Start importing Assets/Scripts/elevator.cs using Guid(da6d96e1aa5884e45bb4819827182617) Importer(815301076,1909f56bfc062723c751e8b465ee728b)  -> (artifact id: 'd2ab8a1d4ad976a88db2bd7b2ff98af6') in 0.003362 seconds 
========================================================================
Received Prepare
Registering precompiled user dll's ...
Registered in 0.000856 seconds.
Begin MonoManager ReloadAssembly
Native extension for WindowsStandalone target not found
Refreshing native plugins compatible for Editor in 0.20 ms, found 0 plugins.
Preloading 0 native plugins for Editor in 0.00 ms.
Mono: successfully reloaded assembly
- Completed reload, in  0.800 seconds
Platform modules already initialized, skipping
Refreshing native plugins compatible for Editor in 0.20 ms, found 0 plugins.
Preloading 0 native plugins for Editor in 0.00 ms.
Unloading 1139 Unused Serialized files (Serialized files now loaded: 0)
System memory in use before: 114.5 MB.
System memory in use after: 114.6 MB.

Unloading 4 unused Assets to reduce memory usage. Loaded Objects now: 1912.
Total: 1.762700 ms (FindLiveObjects: 0.150100 ms CreateObjectMapping: 0.047000 ms MarkObjects: 1.551000 ms  DeleteObjects: 0.013800 ms)

========================================================================
Received Prepare
Registering precompiled user dll's ...
Registered in 0.000699 seconds.
Begin MonoManager ReloadAssembly
Native extension for WindowsStandalone target not found
Refreshing native plugins compatible for Editor in 0.23 ms, found 0 plugins.
Preloading 0 native plugins for Editor in 0.00 ms.
Mono: successfully reloaded assembly
- Completed reload, in  0.901 seconds
Platform modules already initialized, skipping
Refreshing native plugins compatible for Editor in 0.20 ms, found 0 plugins.
Preloading 0 native plugins for Editor in 0.00 ms.
Unloading 1140 Unused Serialized files (Serialized files now loaded: 0)
System memory in use before: 114.6 MB.
System memory in use after: 114.7 MB.

Unloading 4 unused Assets to reduce memory usage. Loaded Objects now: 1916.
Total: 1.968800 ms (FindLiveObjects: 0.148700 ms CreateObjectMapping: 0.044100 ms MarkObjects: 1.761100 ms  DeleteObjects: 0.014000 ms)

========================================================================
Received Import Request.
  Time since last request: 59.580165 seconds.
  path: Assets/R5_trigger.cs
  artifactKey: Guid(05715e2a116ad5445afbafe99f16586d) Importer(815301076,1909f56bfc062723c751e8b465ee728b)
Start importing Assets/R5_trigger.cs using Guid(05715e2a116ad5445afbafe99f16586d) Importer(815301076,1909f56bfc062723c751e8b465ee728b)  -> (artifact id: 'd8a2d93d5328475b602cf484a0d3cb23') in 0.004750 seconds 
========================================================================
Received Prepare
Registering precompiled user dll's ...
Registered in 0.000924 seconds.
Begin MonoManager ReloadAssembly
Native extension for WindowsStandalone target not found
Refreshing native plugins compatible for Editor in 0.20 ms, found 0 plugins.
Preloading 0 native plugins for Editor in 0.00 ms.
Mono: successfully reloaded assembly
- Completed reload, in  0.765 seconds
Platform modules already initialized, skipping
Refreshing native plugins compatible for Editor in 0.22 ms, found 0 plugins.
Preloading 0 native plugins for Editor in 0.00 ms.
Unloading 1140 Unused Serialized files (Serialized files now loaded: 0)
System memory in use before: 114.6 MB.
System memory in use after: 114.7 MB.

Unloading 4 unused Assets to reduce memory usage. Loaded Objects now: 1919.
Total: 1.787800 ms (FindLiveObjects: 0.134900 ms CreateObjectMapping: 0.038800 ms MarkObjects: 1.601000 ms  DeleteObjects: 0.012500 ms)

========================================================================
Received Import Request.
  Time since last request: 169.875080 seconds.
  path: Assets/R5_trigger.cs
  artifactKey: Guid(05715e2a116ad5445afbafe99f16586d) Importer(815301076,1909f56bfc062723c751e8b465ee728b)
Start importing Assets/R5_trigger.cs using Guid(05715e2a116ad5445afbafe99f16586d) Importer(815301076,1909f56bfc062723c751e8b465ee728b)  -> (artifact id: '0e7086fcd51e82bd95861e8ea14db49c') in 0.004438 seconds 
========================================================================
Received Import Request.
  Time since last request: 17.745146 seconds.
  path: Assets/Materials/clockwise.mat
  artifactKey: Guid(6b4071ecaf7ae094a94f2cddf6a3c484) Importer(815301076,1909f56bfc062723c751e8b465ee728b)
Start importing Assets/Materials/clockwise.mat using Guid(6b4071ecaf7ae094a94f2cddf6a3c484) Importer(815301076,1909f56bfc062723c751e8b465ee728b)  -> (artifact id: '57321cd0cc60478ca93402e4307628ab') in 0.510222 seconds 
========================================================================
Received Import Request.
  Time since last request: 0.000844 seconds.
  path: Assets/Materials/CounterClockWise.mat
  artifactKey: Guid(7d53ab2d8667112409a19de1084876a4) Importer(815301076,1909f56bfc062723c751e8b465ee728b)
Start importing Assets/Materials/CounterClockWise.mat using Guid(7d53ab2d8667112409a19de1084876a4) Importer(815301076,1909f56bfc062723c751e8b465ee728b)  -> (artifact id: '71671818a4476737e23f0d7381362a05') in 0.016614 seconds 
========================================================================
Received Import Request.
  Time since last request: 11.677831 seconds.
  path: Assets/Materials/LedDisplayBg.mat
  artifactKey: Guid(d5e33397e8d6ab64282b167f98f90c69) Importer(815301076,1909f56bfc062723c751e8b465ee728b)
Start importing Assets/Materials/LedDisplayBg.mat using Guid(d5e33397e8d6ab64282b167f98f90c69) Importer(815301076,1909f56bfc062723c751e8b465ee728b)  -> (artifact id: '1343cfef8c6a4fd2da16d98044cde7be') in 0.011731 seconds 
========================================================================
Received Import Request.
  Time since last request: 20.158467 seconds.
  path: Assets/Materials/metal.mat
  artifactKey: Guid(db8de1d579ea0194fbc1fda06c377e33) Importer(815301076,1909f56bfc062723c751e8b465ee728b)
Start importing Assets/Materials/metal.mat using Guid(db8de1d579ea0194fbc1fda06c377e33) Importer(815301076,1909f56bfc062723c751e8b465ee728b)  -> (artifact id: 'de17615538f1af6549466e00f6073c28') in 0.011312 seconds 
========================================================================
Received Import Request.
  Time since last request: 0.000300 seconds.
  path: Assets/Materials/metal bold.mat
  artifactKey: Guid(885100459748f964d9a190bc97cb44e9) Importer(815301076,1909f56bfc062723c751e8b465ee728b)
Start importing Assets/Materials/metal bold.mat using Guid(885100459748f964d9a190bc97cb44e9) Importer(815301076,1909f56bfc062723c751e8b465ee728b)  -> (artifact id: '1144aca90ba814caf8110a6a46d23644') in 0.009233 seconds 
========================================================================
Received Prepare
Registering precompiled user dll's ...
Registered in 0.001033 seconds.
Begin MonoManager ReloadAssembly
Native extension for WindowsStandalone target not found
Refreshing native plugins compatible for Editor in 0.21 ms, found 0 plugins.
Preloading 0 native plugins for Editor in 0.00 ms.
Mono: successfully reloaded assembly
- Completed reload, in  0.785 seconds
Platform modules already initialized, skipping
Refreshing native plugins compatible for Editor in 0.20 ms, found 0 plugins.
Preloading 0 native plugins for Editor in 0.00 ms.
Unloading 1140 Unused Serialized files (Serialized files now loaded: 0)
System memory in use before: 114.7 MB.
System memory in use after: 114.8 MB.

Unloading 4 unused Assets to reduce memory usage. Loaded Objects now: 1933.
Total: 1.619700 ms (FindLiveObjects: 0.150700 ms CreateObjectMapping: 0.042000 ms MarkObjects: 1.413100 ms  DeleteObjects: 0.012400 ms)

========================================================================
Received Prepare
Registering precompiled user dll's ...
Registered in 0.001082 seconds.
Begin MonoManager ReloadAssembly
Native extension for WindowsStandalone target not found
Refreshing native plugins compatible for Editor in 0.22 ms, found 0 plugins.
Preloading 0 native plugins for Editor in 0.00 ms.
Mono: successfully reloaded assembly
- Completed reload, in  1.000 seconds
Platform modules already initialized, skipping
Refreshing native plugins compatible for Editor in 0.23 ms, found 0 plugins.
Preloading 0 native plugins for Editor in 0.00 ms.
Unloading 1140 Unused Serialized files (Serialized files now loaded: 0)
System memory in use before: 114.8 MB.
System memory in use after: 114.9 MB.

Unloading 4 unused Assets to reduce memory usage. Loaded Objects now: 1936.
Total: 3.379500 ms (FindLiveObjects: 0.974800 ms CreateObjectMapping: 0.084000 ms MarkObjects: 2.305500 ms  DeleteObjects: 0.013900 ms)

========================================================================
Received Import Request.
  Time since last request: 373.356912 seconds.
  path: Assets/Materials/Unique/tilebasic.mat
  artifactKey: Guid(d850d9cadd89a394f895cebd6461fe52) Importer(815301076,1909f56bfc062723c751e8b465ee728b)
Start importing Assets/Materials/Unique/tilebasic.mat using Guid(d850d9cadd89a394f895cebd6461fe52) Importer(815301076,1909f56bfc062723c751e8b465ee728b)  -> (artifact id: 'ca78ffdc186f3b870e41303aefee1f50') in 0.054110 seconds 
========================================================================
Received Import Request.
  Time since last request: 241.868115 seconds.
  path: Assets/Scripts/LavaDie.cs
  artifactKey: Guid(a68c87d3498b09645b274c39180e75c0) Importer(815301076,1909f56bfc062723c751e8b465ee728b)
Start importing Assets/Scripts/LavaDie.cs using Guid(a68c87d3498b09645b274c39180e75c0) Importer(815301076,1909f56bfc062723c751e8b465ee728b)  -> (artifact id: '695c738331b57ecc084771c892dd6876') in 0.003900 seconds 
========================================================================
Received Prepare
Registering precompiled user dll's ...
Registered in 0.000772 seconds.
Begin MonoManager ReloadAssembly
Native extension for WindowsStandalone target not found
Refreshing native plugins compatible for Editor in 0.20 ms, found 0 plugins.
Preloading 0 native plugins for Editor in 0.00 ms.
Mono: successfully reloaded assembly
- Completed reload, in  0.784 seconds
Platform modules already initialized, skipping
Refreshing native plugins compatible for Editor in 0.21 ms, found 0 plugins.
Preloading 0 native plugins for Editor in 0.00 ms.
Unloading 1140 Unused Serialized files (Serialized files now loaded: 0)
System memory in use before: 114.7 MB.
System memory in use after: 114.8 MB.

Unloading 4 unused Assets to reduce memory usage. Loaded Objects now: 1940.
Total: 1.687200 ms (FindLiveObjects: 0.168300 ms CreateObjectMapping: 0.045700 ms MarkObjects: 1.458600 ms  DeleteObjects: 0.013700 ms)

========================================================================
Received Prepare
Registering precompiled user dll's ...
Registered in 0.000795 seconds.
Begin MonoManager ReloadAssembly
Native extension for WindowsStandalone target not found
Refreshing native plugins compatible for Editor in 0.22 ms, found 0 plugins.
Preloading 0 native plugins for Editor in 0.00 ms.
Mono: successfully reloaded assembly
- Completed reload, in  0.955 seconds
Platform modules already initialized, skipping
Refreshing native plugins compatible for Editor in 0.21 ms, found 0 plugins.
Preloading 0 native plugins for Editor in 0.00 ms.
Unloading 1140 Unused Serialized files (Serialized files now loaded: 0)
System memory in use before: 114.7 MB.
System memory in use after: 114.8 MB.

Unloading 4 unused Assets to reduce memory usage. Loaded Objects now: 1943.
Total: 1.741400 ms (FindLiveObjects: 0.144300 ms CreateObjectMapping: 0.040200 ms MarkObjects: 1.540900 ms  DeleteObjects: 0.014800 ms)

========================================================================
Received Prepare
Registering precompiled user dll's ...
Registered in 0.001486 seconds.
Begin MonoManager ReloadAssembly
Native extension for WindowsStandalone target not found
Refreshing native plugins compatible for Editor in 0.21 ms, found 0 plugins.
Preloading 0 native plugins for Editor in 0.00 ms.
Mono: successfully reloaded assembly
- Completed reload, in  0.903 seconds
Platform modules already initialized, skipping
Refreshing native plugins compatible for Editor in 0.20 ms, found 0 plugins.
Preloading 0 native plugins for Editor in 0.00 ms.
Unloading 1140 Unused Serialized files (Serialized files now loaded: 0)
System memory in use before: 114.7 MB.
System memory in use after: 114.8 MB.

Unloading 4 unused Assets to reduce memory usage. Loaded Objects now: 1946.
Total: 1.651300 ms (FindLiveObjects: 0.134500 ms CreateObjectMapping: 0.034500 ms MarkObjects: 1.467400 ms  DeleteObjects: 0.013600 ms)

========================================================================
Received Prepare
Registering precompiled user dll's ...
Registered in 0.000823 seconds.
Begin MonoManager ReloadAssembly
Native extension for WindowsStandalone target not found
Refreshing native plugins compatible for Editor in 0.30 ms, found 0 plugins.
Preloading 0 native plugins for Editor in 0.00 ms.
Mono: successfully reloaded assembly
- Completed reload, in  0.978 seconds
Platform modules already initialized, skipping
Refreshing native plugins compatible for Editor in 0.20 ms, found 0 plugins.
Preloading 0 native plugins for Editor in 0.00 ms.
Unloading 1140 Unused Serialized files (Serialized files now loaded: 0)
System memory in use before: 114.8 MB.
System memory in use after: 114.9 MB.

Unloading 4 unused Assets to reduce memory usage. Loaded Objects now: 1949.
Total: 2.000600 ms (FindLiveObjects: 0.221400 ms CreateObjectMapping: 0.046500 ms MarkObjects: 1.716400 ms  DeleteObjects: 0.015200 ms)

========================================================================
Received Import Request.
  Time since last request: 941.421640 seconds.
  path: Assets/Scripts/GameOverScreen.cs
  artifactKey: Guid(525e3b2c7f357384ebe07ce2ef8e403d) Importer(815301076,1909f56bfc062723c751e8b465ee728b)
Start importing Assets/Scripts/GameOverScreen.cs using Guid(525e3b2c7f357384ebe07ce2ef8e403d) Importer(815301076,1909f56bfc062723c751e8b465ee728b)  -> (artifact id: '0ea8c1eca56bea8040e43d403887d663') in 0.004370 seconds 
========================================================================
Received Import Request.
  Time since last request: 12.263248 seconds.
  path: Assets/Scripts/GameOverScreen_notUse.cs
  artifactKey: Guid(525e3b2c7f357384ebe07ce2ef8e403d) Importer(815301076,1909f56bfc062723c751e8b465ee728b)
Start importing Assets/Scripts/GameOverScreen_notUse.cs using Guid(525e3b2c7f357384ebe07ce2ef8e403d) Importer(815301076,1909f56bfc062723c751e8b465ee728b)  -> (artifact id: '717299769e96fc685be0026d52d9323c') in 0.011691 seconds 
========================================================================
Received Prepare
Registering precompiled user dll's ...
Registered in 0.000743 seconds.
Begin MonoManager ReloadAssembly
Native extension for WindowsStandalone target not found
Refreshing native plugins compatible for Editor in 0.36 ms, found 0 plugins.
Preloading 0 native plugins for Editor in 0.00 ms.
Mono: successfully reloaded assembly
- Completed reload, in  1.282 seconds
Platform modules already initialized, skipping
Refreshing native plugins compatible for Editor in 0.33 ms, found 0 plugins.
Preloading 0 native plugins for Editor in 0.00 ms.
Unloading 1140 Unused Serialized files (Serialized files now loaded: 0)
System memory in use before: 114.8 MB.
System memory in use after: 114.9 MB.

Unloading 4 unused Assets to reduce memory usage. Loaded Objects now: 1952.
Total: 1.714600 ms (FindLiveObjects: 0.195400 ms CreateObjectMapping: 0.044300 ms MarkObjects: 1.461400 ms  DeleteObjects: 0.012600 ms)

========================================================================
Received Prepare
Registering precompiled user dll's ...
Registered in 0.000764 seconds.
Begin MonoManager ReloadAssembly
Native extension for WindowsStandalone target not found
Refreshing native plugins compatible for Editor in 0.23 ms, found 0 plugins.
Preloading 0 native plugins for Editor in 0.00 ms.
Mono: successfully reloaded assembly
- Completed reload, in  0.774 seconds
Platform modules already initialized, skipping
Refreshing native plugins compatible for Editor in 0.27 ms, found 0 plugins.
Preloading 0 native plugins for Editor in 0.00 ms.
Unloading 1140 Unused Serialized files (Serialized files now loaded: 0)
System memory in use before: 114.8 MB.
System memory in use after: 114.9 MB.

Unloading 4 unused Assets to reduce memory usage. Loaded Objects now: 1955.
Total: 2.083700 ms (FindLiveObjects: 0.213200 ms CreateObjectMapping: 0.063500 ms MarkObjects: 1.784900 ms  DeleteObjects: 0.019400 ms)

========================================================================
Received Import Request.
  Time since last request: 326.085588 seconds.
  path: Assets/Materials/Unique/tileG.mat
  artifactKey: Guid(a9179592f31f85e48b680ea0140820f2) Importer(815301076,1909f56bfc062723c751e8b465ee728b)
Start importing Assets/Materials/Unique/tileG.mat using Guid(a9179592f31f85e48b680ea0140820f2) Importer(815301076,1909f56bfc062723c751e8b465ee728b)  -> (artifact id: 'de3020c5d796858c3b02b53abf54da8a') in 0.053467 seconds 
========================================================================
Received Import Request.
  Time since last request: 0.000307 seconds.
  path: Assets/Materials/Unique/tileR.mat
  artifactKey: Guid(8075d7c33471e9a43836c4a5a55bcf3a) Importer(815301076,1909f56bfc062723c751e8b465ee728b)
Start importing Assets/Materials/Unique/tileR.mat using Guid(8075d7c33471e9a43836c4a5a55bcf3a) Importer(815301076,1909f56bfc062723c751e8b465ee728b)  -> (artifact id: 'ffe6113c9913af5c045415e52f65f779') in 0.010119 seconds 
========================================================================
Received Import Request.
  Time since last request: 0.000342 seconds.
  path: Assets/Materials/Unique/tileY.mat
  artifactKey: Guid(52d9072485edc2342a19fae7fae01a26) Importer(815301076,1909f56bfc062723c751e8b465ee728b)
Start importing Assets/Materials/Unique/tileY.mat using Guid(52d9072485edc2342a19fae7fae01a26) Importer(815301076,1909f56bfc062723c751e8b465ee728b)  -> (artifact id: '55f437c9d0645c9d99cd4982a64b0da9') in 0.010204 seconds 
========================================================================
Received Import Request.
  Time since last request: 30.439961 seconds.
  path: Assets/Materials/Wall_Atlas_01_Dif_Blue.mat
  artifactKey: Guid(83a7a3eb7645437459c972cc98bb63ed) Importer(815301076,1909f56bfc062723c751e8b465ee728b)
Start importing Assets/Materials/Wall_Atlas_01_Dif_Blue.mat using Guid(83a7a3eb7645437459c972cc98bb63ed) Importer(815301076,1909f56bfc062723c751e8b465ee728b)  -> (artifact id: '2327a9553c8392333384d26351086bb7') in 0.095992 seconds 
========================================================================
Received Import Request.
  Time since last request: 0.000336 seconds.
  path: Assets/Materials/Wall_Atlas_01_Dif_Red.mat
  artifactKey: Guid(7fc4927ea1140994ba507384360c7ade) Importer(815301076,1909f56bfc062723c751e8b465ee728b)
Start importing Assets/Materials/Wall_Atlas_01_Dif_Red.mat using Guid(7fc4927ea1140994ba507384360c7ade) Importer(815301076,1909f56bfc062723c751e8b465ee728b)  -> (artifact id: 'b383aa567cb006a6a4e4bb7d05d4b989') in 0.047030 seconds 
========================================================================
Received Prepare
Registering precompiled user dll's ...
Registered in 0.000763 seconds.
Begin MonoManager ReloadAssembly
Native extension for WindowsStandalone target not found
Refreshing native plugins compatible for Editor in 0.22 ms, found 0 plugins.
Preloading 0 native plugins for Editor in 0.00 ms.
Mono: successfully reloaded assembly
- Completed reload, in  0.805 seconds
Platform modules already initialized, skipping
Refreshing native plugins compatible for Editor in 0.22 ms, found 0 plugins.
Preloading 0 native plugins for Editor in 0.00 ms.
Unloading 1140 Unused Serialized files (Serialized files now loaded: 0)
System memory in use before: 114.8 MB.
System memory in use after: 114.9 MB.

Unloading 4 unused Assets to reduce memory usage. Loaded Objects now: 1959.
Total: 1.672300 ms (FindLiveObjects: 0.134900 ms CreateObjectMapping: 0.035500 ms MarkObjects: 1.489200 ms  DeleteObjects: 0.012000 ms)

========================================================================
Received Prepare
Registering precompiled user dll's ...
Registered in 0.000920 seconds.
Begin MonoManager ReloadAssembly
Native extension for WindowsStandalone target not found
Refreshing native plugins compatible for Editor in 0.41 ms, found 0 plugins.
Preloading 0 native plugins for Editor in 0.00 ms.
Mono: successfully reloaded assembly
- Completed reload, in  3.168 seconds
Platform modules already initialized, skipping
Refreshing native plugins compatible for Editor in 0.20 ms, found 0 plugins.
Preloading 0 native plugins for Editor in 0.00 ms.
Unloading 1140 Unused Serialized files (Serialized files now loaded: 0)
System memory in use before: 114.8 MB.
System memory in use after: 114.9 MB.

Unloading 4 unused Assets to reduce memory usage. Loaded Objects now: 1962.
Total: 1.647500 ms (FindLiveObjects: 0.140300 ms CreateObjectMapping: 0.041300 ms MarkObjects: 1.451500 ms  DeleteObjects: 0.013400 ms)

AssetImportWorkerClient::OnTransportError - code=2 error=End of file
